[05-10 13:25:27]: [INFO] SQLite Setup finished
[05-10 13:25:27]: [INFO] Hooked into LuckPerms!
[05-10 13:25:27]: [INFO] Hooked successfully into Essentials
[05-10 13:25:27]: [INFO] Essentials spawn file not found: '/home/nick/smpRUNNING/plugins/Essentials/spawn.yml'
[05-10 13:25:27]: [WARN] WARNING! The protectInventory feature requires ProtocolLib! Disabling it...
[05-10 13:25:28]: [INFO] AuthMe 5.6.0 build n.CUSTOM successfully enabled!
[05-10 13:25:29]: [INFO] Downloading GEO IP database, because the old database is older than 30 days or doesn't exist
[05-10 13:25:29]: [WARN] No MaxMind credentials found in the configuration file! GeoIp protections will be disabled.
[05-10 13:25:29]: [INFO] There is no newer GEO IP database uploaded to MaxMind. Using the old one for now.
[05-10 13:25:29]: [WARN] Could not download GeoLiteAPI database [FileNotFoundException]: plugins/AuthMe/GeoLite2-Country.mmdb (No such file or directory)
[05-10 13:25:29]: java.io.FileNotFoundException: plugins/AuthMe/GeoLite2-Country.mmdb (No such file or directory)
	at java.base/java.io.RandomAccessFile.open0(Native Method)
	at java.base/java.io.RandomAccessFile.open(RandomAccessFile.java:356)
	at java.base/java.io.RandomAccessFile.<init>(RandomAccessFile.java:273)
	at java.base/java.io.RandomAccessFile.<init>(RandomAccessFile.java:223)
	at AuthMe-5.6.0.jar//fr.xephi.authme.libs.com.maxmind.db.BufferHolder.<init>(BufferHolder.java:20)
	at AuthMe-5.6.0.jar//fr.xephi.authme.libs.com.maxmind.db.Reader.<init>(Reader.java:121)
	at AuthMe-5.6.0.jar//fr.xephi.authme.service.GeoIpService.startReading(GeoIpService.java:179)
	at AuthMe-5.6.0.jar//fr.xephi.authme.service.GeoIpService.updateDatabase(GeoIpService.java:150)
	at org.bukkit.craftbukkit.scheduler.CraftTask.run(CraftTask.java:78)
	at org.bukkit.craftbukkit.scheduler.CraftAsyncTask.run(CraftAsyncTask.java:57)
	at com.destroystokyo.paper.ServerSchedulerReportingWrapper.run(ServerSchedulerReportingWrapper.java:22)
	at java.base/java.util.concurrent.ThreadPoolExecutor.runWorker(ThreadPoolExecutor.java:1144)
	at java.base/java.util.concurrent.ThreadPoolExecutor$Worker.run(ThreadPoolExecutor.java:642)
	at java.base/java.lang.Thread.run(Thread.java:1583)

[05-10 13:29:06]: [INFO] AuthMe 5.6.0-bCUSTOM disabled!
[05-10 13:29:36]: [INFO] SQLite Setup finished
[05-10 13:29:36]: [INFO] Hooked into LuckPerms!
[05-10 13:29:36]: [INFO] Hooked successfully into Essentials
[05-10 13:29:36]: [INFO] Essentials spawn file not found: '/home/nick/smpRUNNING/plugins/Essentials/spawn.yml'
[05-10 13:29:36]: [WARN] WARNING! The protectInventory feature requires ProtocolLib! Disabling it...
[05-10 13:29:37]: [INFO] AuthMe 5.6.0 build n.CUSTOM successfully enabled!
[05-10 13:29:38]: [INFO] Downloading GEO IP database, because the old database is older than 30 days or doesn't exist
[05-10 13:29:38]: [WARN] No MaxMind credentials found in the configuration file! GeoIp protections will be disabled.
[05-10 13:29:38]: [INFO] There is no newer GEO IP database uploaded to MaxMind. Using the old one for now.
[05-10 13:29:38]: [WARN] Could not download GeoLiteAPI database [FileNotFoundException]: plugins/AuthMe/GeoLite2-Country.mmdb (No such file or directory)
[05-10 13:29:38]: java.io.FileNotFoundException: plugins/AuthMe/GeoLite2-Country.mmdb (No such file or directory)
	at java.base/java.io.RandomAccessFile.open0(Native Method)
	at java.base/java.io.RandomAccessFile.open(RandomAccessFile.java:356)
	at java.base/java.io.RandomAccessFile.<init>(RandomAccessFile.java:273)
	at java.base/java.io.RandomAccessFile.<init>(RandomAccessFile.java:223)
	at AuthMe-5.6.0.jar//fr.xephi.authme.libs.com.maxmind.db.BufferHolder.<init>(BufferHolder.java:20)
	at AuthMe-5.6.0.jar//fr.xephi.authme.libs.com.maxmind.db.Reader.<init>(Reader.java:121)
	at AuthMe-5.6.0.jar//fr.xephi.authme.service.GeoIpService.startReading(GeoIpService.java:179)
	at AuthMe-5.6.0.jar//fr.xephi.authme.service.GeoIpService.updateDatabase(GeoIpService.java:150)
	at org.bukkit.craftbukkit.scheduler.CraftTask.run(CraftTask.java:78)
	at org.bukkit.craftbukkit.scheduler.CraftAsyncTask.run(CraftAsyncTask.java:57)
	at com.destroystokyo.paper.ServerSchedulerReportingWrapper.run(ServerSchedulerReportingWrapper.java:22)
	at java.base/java.util.concurrent.ThreadPoolExecutor.runWorker(ThreadPoolExecutor.java:1144)
	at java.base/java.util.concurrent.ThreadPoolExecutor$Worker.run(ThreadPoolExecutor.java:642)
	at java.base/java.lang.Thread.run(Thread.java:1583)

[05-10 13:32:26]: [FINE] DeadBeatGaming used the wrong password
[05-10 13:32:38]: [FINE] DeadBeatGaming logged in 117.213.200.2
[05-10 13:39:17]: [FINE] wVivek registered 217.164.60.251
[05-10 13:39:17]: [FINE] wVivek logged in 217.164.60.251
[05-10 13:57:56]: [INFO] AuthMe 5.6.0-bCUSTOM disabled!
[05-10 13:59:47]: [INFO] SQLite Setup finished
[05-10 13:59:48]: [INFO] Hooked into LuckPerms!
[05-10 13:59:48]: [INFO] Hooked successfully into Essentials
[05-10 13:59:48]: [INFO] Essentials spawn file not found: '/home/nick/smpRUNNING/plugins/Essentials/spawn.yml'
[05-10 13:59:48]: [WARN] WARNING! The protectInventory feature requires ProtocolLib! Disabling it...
[05-10 13:59:48]: [INFO] AuthMe 5.6.0 build n.CUSTOM successfully enabled!
[05-10 13:59:50]: [INFO] Downloading GEO IP database, because the old database is older than 30 days or doesn't exist
[05-10 13:59:50]: [WARN] No MaxMind credentials found in the configuration file! GeoIp protections will be disabled.
[05-10 13:59:50]: [INFO] There is no newer GEO IP database uploaded to MaxMind. Using the old one for now.
[05-10 13:59:50]: [WARN] Could not download GeoLiteAPI database [FileNotFoundException]: plugins/AuthMe/GeoLite2-Country.mmdb (No such file or directory)
[05-10 13:59:50]: java.io.FileNotFoundException: plugins/AuthMe/GeoLite2-Country.mmdb (No such file or directory)
	at java.base/java.io.RandomAccessFile.open0(Native Method)
	at java.base/java.io.RandomAccessFile.open(RandomAccessFile.java:356)
	at java.base/java.io.RandomAccessFile.<init>(RandomAccessFile.java:273)
	at java.base/java.io.RandomAccessFile.<init>(RandomAccessFile.java:223)
	at AuthMe-5.6.0.jar//fr.xephi.authme.libs.com.maxmind.db.BufferHolder.<init>(BufferHolder.java:20)
	at AuthMe-5.6.0.jar//fr.xephi.authme.libs.com.maxmind.db.Reader.<init>(Reader.java:121)
	at AuthMe-5.6.0.jar//fr.xephi.authme.service.GeoIpService.startReading(GeoIpService.java:179)
	at AuthMe-5.6.0.jar//fr.xephi.authme.service.GeoIpService.updateDatabase(GeoIpService.java:150)
	at org.bukkit.craftbukkit.scheduler.CraftTask.run(CraftTask.java:78)
	at org.bukkit.craftbukkit.scheduler.CraftAsyncTask.run(CraftAsyncTask.java:57)
	at com.destroystokyo.paper.ServerSchedulerReportingWrapper.run(ServerSchedulerReportingWrapper.java:22)
	at java.base/java.util.concurrent.ThreadPoolExecutor.runWorker(ThreadPoolExecutor.java:1144)
	at java.base/java.util.concurrent.ThreadPoolExecutor$Worker.run(ThreadPoolExecutor.java:642)
	at java.base/java.lang.Thread.run(Thread.java:1583)

[05-10 14:00:45]: [FINE] DeadBeatGaming logged in 117.213.200.2
[05-10 14:01:32]: [FINE] wVivek logged in 217.164.60.251
[05-10 14:03:43]: [FINE] DeadBeatGaming logged in 117.213.200.2
[05-10 14:07:06]: [INFO] AuthMe 5.6.0-bCUSTOM disabled!
[05-10 14:08:31]: [INFO] SQLite Setup finished
[05-10 14:08:31]: [INFO] Hooked into LuckPerms!
[05-10 14:08:31]: [INFO] Hooked successfully into Essentials
[05-10 14:08:31]: [INFO] Essentials spawn file not found: '/home/nick/smpRUNNING/plugins/Essentials/spawn.yml'
[05-10 14:08:31]: [WARN] WARNING! The protectInventory feature requires ProtocolLib! Disabling it...
[05-10 14:08:31]: [INFO] AuthMe 5.6.0 build n.CUSTOM successfully enabled!
[05-10 14:08:32]: [INFO] Downloading GEO IP database, because the old database is older than 30 days or doesn't exist
[05-10 14:08:32]: [WARN] No MaxMind credentials found in the configuration file! GeoIp protections will be disabled.
[05-10 14:08:32]: [INFO] There is no newer GEO IP database uploaded to MaxMind. Using the old one for now.
[05-10 14:08:32]: [WARN] Could not download GeoLiteAPI database [FileNotFoundException]: plugins/AuthMe/GeoLite2-Country.mmdb (No such file or directory)
[05-10 14:08:32]: java.io.FileNotFoundException: plugins/AuthMe/GeoLite2-Country.mmdb (No such file or directory)
	at java.base/java.io.RandomAccessFile.open0(Native Method)
	at java.base/java.io.RandomAccessFile.open(RandomAccessFile.java:356)
	at java.base/java.io.RandomAccessFile.<init>(RandomAccessFile.java:273)
	at java.base/java.io.RandomAccessFile.<init>(RandomAccessFile.java:223)
	at AuthMe-5.6.0.jar//fr.xephi.authme.libs.com.maxmind.db.BufferHolder.<init>(BufferHolder.java:20)
	at AuthMe-5.6.0.jar//fr.xephi.authme.libs.com.maxmind.db.Reader.<init>(Reader.java:121)
	at AuthMe-5.6.0.jar//fr.xephi.authme.service.GeoIpService.startReading(GeoIpService.java:179)
	at AuthMe-5.6.0.jar//fr.xephi.authme.service.GeoIpService.updateDatabase(GeoIpService.java:150)
	at org.bukkit.craftbukkit.scheduler.CraftTask.run(CraftTask.java:78)
	at org.bukkit.craftbukkit.scheduler.CraftAsyncTask.run(CraftAsyncTask.java:57)
	at com.destroystokyo.paper.ServerSchedulerReportingWrapper.run(ServerSchedulerReportingWrapper.java:22)
	at java.base/java.util.concurrent.ThreadPoolExecutor.runWorker(ThreadPoolExecutor.java:1144)
	at java.base/java.util.concurrent.ThreadPoolExecutor$Worker.run(ThreadPoolExecutor.java:642)
	at java.base/java.lang.Thread.run(Thread.java:1583)

[05-10 14:08:59]: [FINE] DeadBeatGaming logged in 117.213.200.2
[05-10 14:11:09]: [FINE] wVivek logged in 217.164.60.251
[05-10 14:13:07]: [FINE] DeadBeatGaming logged in 117.213.200.2
[05-10 14:13:29]: [FINE] ignOli registered 180.150.37.117
[05-10 14:13:29]: [FINE] ignOli logged in 180.150.37.117
[05-10 14:13:40]: [FINE] DeadBeatGaming logged in 117.213.200.2
[05-10 14:14:12]: [FINE] DeadBeatGaming used the wrong password
[05-10 14:14:30]: [FINE] DeadBeatGaming logged in 117.213.200.2
[05-10 14:14:39]: [FINE] NotOmar registered 78.32.251.98
[05-10 14:14:39]: [FINE] NotOmar logged in 78.32.251.98
[05-10 14:15:19]: [FINE] DeadBeatGaming logged in 117.213.200.2
[05-10 14:16:14]: [FINE] snorters registered 77.111.50.86
[05-10 14:16:14]: [FINE] snorters logged in 77.111.50.86
[05-10 15:00:11]: [FINE] NotOmar logged in 78.32.251.98
[05-10 15:05:39]: [FINE] wVivek logged in 217.164.60.251
[05-10 16:23:11]: [FINE] wVivek logged in 217.164.60.251
[05-10 16:28:07]: [FINE] wVivek logged in 217.164.60.251
[05-10 16:31:26]: [FINE] wVivek logged in 217.164.60.251
[05-10 23:36:28]: [INFO] SQLite Setup finished
[05-10 23:36:28]: [INFO] Hooked into LuckPerms!
[05-10 23:36:28]: [INFO] Hooked successfully into Essentials
[05-10 23:36:28]: [INFO] Essentials spawn file not found: '/home/nick/smpRUNNING/plugins/Essentials/spawn.yml'
[05-10 23:36:28]: [WARN] WARNING! The protectInventory feature requires ProtocolLib! Disabling it...
[05-10 23:36:28]: [INFO] AuthMe 5.6.0 build n.CUSTOM successfully enabled!
[05-10 23:36:30]: [INFO] Downloading GEO IP database, because the old database is older than 30 days or doesn't exist
[05-10 23:36:30]: [WARN] No MaxMind credentials found in the configuration file! GeoIp protections will be disabled.
[05-10 23:36:30]: [INFO] There is no newer GEO IP database uploaded to MaxMind. Using the old one for now.
[05-10 23:36:30]: [WARN] Could not download GeoLiteAPI database [FileNotFoundException]: plugins/AuthMe/GeoLite2-Country.mmdb (No such file or directory)
[05-10 23:36:30]: java.io.FileNotFoundException: plugins/AuthMe/GeoLite2-Country.mmdb (No such file or directory)
	at java.base/java.io.RandomAccessFile.open0(Native Method)
	at java.base/java.io.RandomAccessFile.open(RandomAccessFile.java:356)
	at java.base/java.io.RandomAccessFile.<init>(RandomAccessFile.java:273)
	at java.base/java.io.RandomAccessFile.<init>(RandomAccessFile.java:223)
	at AuthMe-5.6.0.jar//fr.xephi.authme.libs.com.maxmind.db.BufferHolder.<init>(BufferHolder.java:20)
	at AuthMe-5.6.0.jar//fr.xephi.authme.libs.com.maxmind.db.Reader.<init>(Reader.java:121)
	at AuthMe-5.6.0.jar//fr.xephi.authme.service.GeoIpService.startReading(GeoIpService.java:179)
	at AuthMe-5.6.0.jar//fr.xephi.authme.service.GeoIpService.updateDatabase(GeoIpService.java:150)
	at org.bukkit.craftbukkit.scheduler.CraftTask.run(CraftTask.java:78)
	at org.bukkit.craftbukkit.scheduler.CraftAsyncTask.run(CraftAsyncTask.java:57)
	at com.destroystokyo.paper.ServerSchedulerReportingWrapper.run(ServerSchedulerReportingWrapper.java:22)
	at java.base/java.util.concurrent.ThreadPoolExecutor.runWorker(ThreadPoolExecutor.java:1144)
	at java.base/java.util.concurrent.ThreadPoolExecutor$Worker.run(ThreadPoolExecutor.java:642)
	at java.base/java.lang.Thread.run(Thread.java:1583)

[05-11 00:24:49]: [INFO] AuthMe 5.6.0-bCUSTOM disabled!
[05-11 00:25:21]: [INFO] SQLite Setup finished
[05-11 00:25:21]: [INFO] Hooked into LuckPerms!
[05-11 00:25:21]: [INFO] Hooked successfully into Essentials
[05-11 00:25:21]: [INFO] Essentials spawn file not found: '/home/nick/smpRUNNING/plugins/Essentials/spawn.yml'
[05-11 00:25:21]: [WARN] WARNING! The protectInventory feature requires ProtocolLib! Disabling it...
[05-11 00:25:21]: [INFO] AuthMe 5.6.0 build n.CUSTOM successfully enabled!
[05-11 00:25:23]: [INFO] Downloading GEO IP database, because the old database is older than 30 days or doesn't exist
[05-11 00:25:23]: [WARN] No MaxMind credentials found in the configuration file! GeoIp protections will be disabled.
[05-11 00:25:23]: [INFO] There is no newer GEO IP database uploaded to MaxMind. Using the old one for now.
[05-11 00:25:23]: [WARN] Could not download GeoLiteAPI database [FileNotFoundException]: plugins/AuthMe/GeoLite2-Country.mmdb (No such file or directory)
[05-11 00:25:23]: java.io.FileNotFoundException: plugins/AuthMe/GeoLite2-Country.mmdb (No such file or directory)
	at java.base/java.io.RandomAccessFile.open0(Native Method)
	at java.base/java.io.RandomAccessFile.open(RandomAccessFile.java:356)
	at java.base/java.io.RandomAccessFile.<init>(RandomAccessFile.java:273)
	at java.base/java.io.RandomAccessFile.<init>(RandomAccessFile.java:223)
	at AuthMe-5.6.0.jar//fr.xephi.authme.libs.com.maxmind.db.BufferHolder.<init>(BufferHolder.java:20)
	at AuthMe-5.6.0.jar//fr.xephi.authme.libs.com.maxmind.db.Reader.<init>(Reader.java:121)
	at AuthMe-5.6.0.jar//fr.xephi.authme.service.GeoIpService.startReading(GeoIpService.java:179)
	at AuthMe-5.6.0.jar//fr.xephi.authme.service.GeoIpService.updateDatabase(GeoIpService.java:150)
	at org.bukkit.craftbukkit.scheduler.CraftTask.run(CraftTask.java:78)
	at org.bukkit.craftbukkit.scheduler.CraftAsyncTask.run(CraftAsyncTask.java:57)
	at com.destroystokyo.paper.ServerSchedulerReportingWrapper.run(ServerSchedulerReportingWrapper.java:22)
	at java.base/java.util.concurrent.ThreadPoolExecutor.runWorker(ThreadPoolExecutor.java:1144)
	at java.base/java.util.concurrent.ThreadPoolExecutor$Worker.run(ThreadPoolExecutor.java:642)
	at java.base/java.lang.Thread.run(Thread.java:1583)

[05-11 00:25:39]: [FINE] DeadBeatGaming logged in 117.213.200.2
[05-11 01:11:16]: [FINE] DeadBeatGaming logged in 117.213.200.2
[05-11 01:17:39]: [FINE] Traffy_Law0 registered 65.31.121.196
[05-11 01:17:39]: [FINE] Traffy_Law0 logged in 65.31.121.196
[05-11 01:20:51]: [FINE] Traffy_Law0 logged in 65.31.121.196
[05-11 01:27:11]: [INFO] AuthMe 5.6.0-bCUSTOM disabled!
[05-11 01:42:57]: [INFO] SQLite Setup finished
[05-11 01:42:57]: [INFO] Hooked into LuckPerms!
[05-11 01:42:58]: [INFO] Hooked successfully into Essentials
[05-11 01:42:58]: [INFO] Essentials spawn file not found: '/home/nick/smpRUNNING/plugins/Essentials/spawn.yml'
[05-11 01:42:58]: [WARN] WARNING! The protectInventory feature requires ProtocolLib! Disabling it...
[05-11 01:42:58]: [INFO] AuthMe 5.6.0 build n.CUSTOM successfully enabled!
[05-11 01:43:00]: [INFO] Downloading GEO IP database, because the old database is older than 30 days or doesn't exist
[05-11 01:43:00]: [WARN] No MaxMind credentials found in the configuration file! GeoIp protections will be disabled.
[05-11 01:43:00]: [INFO] There is no newer GEO IP database uploaded to MaxMind. Using the old one for now.
[05-11 01:43:00]: [WARN] Could not download GeoLiteAPI database [FileNotFoundException]: plugins/AuthMe/GeoLite2-Country.mmdb (No such file or directory)
[05-11 01:43:00]: java.io.FileNotFoundException: plugins/AuthMe/GeoLite2-Country.mmdb (No such file or directory)
	at java.base/java.io.RandomAccessFile.open0(Native Method)
	at java.base/java.io.RandomAccessFile.open(RandomAccessFile.java:356)
	at java.base/java.io.RandomAccessFile.<init>(RandomAccessFile.java:273)
	at java.base/java.io.RandomAccessFile.<init>(RandomAccessFile.java:223)
	at AuthMe-5.6.0.jar//fr.xephi.authme.libs.com.maxmind.db.BufferHolder.<init>(BufferHolder.java:20)
	at AuthMe-5.6.0.jar//fr.xephi.authme.libs.com.maxmind.db.Reader.<init>(Reader.java:121)
	at AuthMe-5.6.0.jar//fr.xephi.authme.service.GeoIpService.startReading(GeoIpService.java:179)
	at AuthMe-5.6.0.jar//fr.xephi.authme.service.GeoIpService.updateDatabase(GeoIpService.java:150)
	at org.bukkit.craftbukkit.scheduler.CraftTask.run(CraftTask.java:78)
	at org.bukkit.craftbukkit.scheduler.CraftAsyncTask.run(CraftAsyncTask.java:57)
	at com.destroystokyo.paper.ServerSchedulerReportingWrapper.run(ServerSchedulerReportingWrapper.java:22)
	at java.base/java.util.concurrent.ThreadPoolExecutor.runWorker(ThreadPoolExecutor.java:1144)
	at java.base/java.util.concurrent.ThreadPoolExecutor$Worker.run(ThreadPoolExecutor.java:642)
	at java.base/java.lang.Thread.run(Thread.java:1583)

[05-11 01:43:59]: [FINE] DeadBeatGaming logged in 117.213.200.2
[05-11 02:43:40]: [FINE] wVivek logged in 217.164.60.251
[05-11 06:25:33]: [FINE] wVivek logged in 217.164.60.251
[05-11 16:42:22]: [FINE] NotOmar logged in 78.32.251.98
[05-12 01:20:38]: [FINE] DeadBeatGaming used the wrong password
[05-12 01:20:53]: [FINE] DeadBeatGaming logged in 117.213.200.2
[05-12 02:14:39]: [FINE] wVivek logged in 217.164.60.251
[05-12 02:46:13]: [INFO] AuthMe 5.6.0-bCUSTOM disabled!
